<?xml version="1.0" encoding="UTF-8"?>
<!-- Generated by org.testng.reporters.JUnitXMLReporter -->
<testsuite ignored="0" hostname="DESKTOP-0KOC96B" failures="0" tests="3" name="Default test" time="4.69" errors="0" timestamp="2023-07-25T21:00:09 IST">
  <testcase classname="Section7.Dynamic" name="addbook" time="4.064"/>
  <testcase classname="Section7.Dynamic" name="addbook" time="0.259"/>
  <testcase classname="Section7.Dynamic" name="addbook" time="0.235"/>
</testsuite> <!-- Default test -->
